<?xml version="1.0" encoding="UTF-8"?>
<coverage generated="1685278622494" clover="3.2.0">
  <project timestamp="1685278622494" name="All files">
    <metrics statements="111" coveredstatements="67" conditionals="45" coveredconditionals="26" methods="25" coveredmethods="13" elements="181" coveredelements="106" complexity="0" loc="111" ncloc="111" packages="2" files="2" classes="2"/>
    <package name="components">
      <metrics statements="34" coveredstatements="4" conditionals="10" coveredconditionals="0" methods="4" coveredmethods="0"/>
      <file name="Storage.js" path="C:\Users\adam2\source\repos\ReactNativeGames\components\Storage.js">
        <metrics statements="34" coveredstatements="4" conditionals="10" coveredconditionals="0" methods="4" coveredmethods="0"/>
        <line num="4" count="1" type="stmt"/>
        <line num="12" count="1" type="stmt"/>
        <line num="14" count="0" type="stmt"/>
        <line num="16" count="0" type="stmt"/>
        <line num="17" count="0" type="stmt"/>
        <line num="18" count="0" type="stmt"/>
        <line num="19" count="0" type="stmt"/>
        <line num="23" count="0" type="stmt"/>
        <line num="24" count="0" type="stmt"/>
        <line num="28" count="1" type="stmt"/>
        <line num="30" count="0" type="stmt"/>
        <line num="32" count="0" type="stmt"/>
        <line num="33" count="0" type="stmt"/>
        <line num="34" count="0" type="cond" truecount="0" falsecount="4"/>
        <line num="35" count="0" type="stmt"/>
        <line num="37" count="0" type="stmt"/>
        <line num="38" count="0" type="stmt"/>
        <line num="39" count="0" type="cond" truecount="0" falsecount="2"/>
        <line num="40" count="0" type="stmt"/>
        <line num="41" count="0" type="stmt"/>
        <line num="42" count="0" type="stmt"/>
        <line num="46" count="0" type="stmt"/>
        <line num="47" count="0" type="stmt"/>
        <line num="48" count="0" type="stmt"/>
        <line num="52" count="1" type="stmt"/>
        <line num="54" count="0" type="stmt"/>
        <line num="56" count="0" type="stmt"/>
        <line num="57" count="0" type="stmt"/>
        <line num="58" count="0" type="cond" truecount="0" falsecount="4"/>
        <line num="60" count="0" type="stmt"/>
        <line num="61" count="0" type="stmt"/>
        <line num="62" count="0" type="stmt"/>
        <line num="67" count="0" type="stmt"/>
        <line num="68" count="0" type="stmt"/>
      </file>
    </package>
    <package name="components.Game2">
      <metrics statements="77" coveredstatements="63" conditionals="35" coveredconditionals="26" methods="21" coveredmethods="13"/>
      <file name="Game2.js" path="C:\Users\adam2\source\repos\ReactNativeGames\components\Game2\Game2.js">
        <metrics statements="77" coveredstatements="63" conditionals="35" coveredconditionals="26" methods="21" coveredmethods="13"/>
        <line num="7" count="69" type="stmt"/>
        <line num="8" count="68" type="stmt"/>
        <line num="9" count="68" type="stmt"/>
        <line num="10" count="68" type="stmt"/>
        <line num="11" count="68" type="stmt"/>
        <line num="12" count="68" type="stmt"/>
        <line num="13" count="68" type="stmt"/>
        <line num="14" count="68" type="stmt"/>
        <line num="15" count="68" type="stmt"/>
        <line num="17" count="68" type="stmt"/>
        <line num="18" count="3" type="stmt"/>
        <line num="19" count="3" type="stmt"/>
        <line num="20" count="0" type="stmt"/>
        <line num="22" count="3" type="stmt"/>
        <line num="23" count="3" type="stmt"/>
        <line num="27" count="68" type="stmt"/>
        <line num="28" count="65" type="cond" truecount="4" falsecount="0"/>
        <line num="29" count="61" type="stmt"/>
        <line num="30" count="61" type="stmt"/>
        <line num="31" count="61" type="stmt"/>
        <line num="32" count="61" type="stmt"/>
        <line num="33" count="61" type="stmt"/>
        <line num="34" count="61" type="stmt"/>
        <line num="35" count="61" type="stmt"/>
        <line num="36" count="61" type="stmt"/>
        <line num="37" count="61" type="stmt"/>
        <line num="38" count="61" type="stmt"/>
        <line num="39" count="61" type="stmt"/>
        <line num="40" count="61" type="stmt"/>
        <line num="42" count="61" type="cond" truecount="3" falsecount="1"/>
        <line num="43" count="0" type="stmt"/>
        <line num="44" count="61" type="cond" truecount="3" falsecount="1"/>
        <line num="45" count="0" type="stmt"/>
        <line num="48" count="61" type="stmt"/>
        <line num="50" count="61" type="cond" truecount="1" falsecount="1"/>
        <line num="58" count="0" type="stmt"/>
        <line num="59" count="0" type="stmt"/>
        <line num="60" count="0" type="stmt"/>
        <line num="63" count="61" type="cond" truecount="2" falsecount="0"/>
        <line num="64" count="1" type="stmt"/>
        <line num="69" count="68" type="stmt"/>
        <line num="70" count="3" type="stmt"/>
        <line num="71" count="3" type="stmt"/>
        <line num="72" count="3" type="stmt"/>
        <line num="73" count="3" type="stmt"/>
        <line num="74" count="3" type="stmt"/>
        <line num="75" count="3" type="stmt"/>
        <line num="76" count="3" type="stmt"/>
        <line num="79" count="68" type="stmt"/>
        <line num="80" count="3" type="stmt"/>
        <line num="81" count="3" type="stmt"/>
        <line num="82" count="3" type="stmt"/>
        <line num="83" count="3" type="stmt"/>
        <line num="86" count="68" type="stmt"/>
        <line num="87" count="0" type="stmt"/>
        <line num="91" count="68" type="stmt"/>
        <line num="92" count="3" type="cond" truecount="1" falsecount="1"/>
        <line num="93" count="0" type="stmt"/>
        <line num="94" count="0" type="stmt"/>
        <line num="98" count="68" type="stmt"/>
        <line num="99" count="7" type="cond" truecount="4" falsecount="0"/>
        <line num="100" count="3" type="stmt"/>
        <line num="101" count="61" type="stmt"/>
        <line num="103" count="3" type="stmt"/>
        <line num="107" count="68" type="stmt"/>
        <line num="108" count="3" type="stmt"/>
        <line num="111" count="68" type="stmt"/>
        <line num="112" count="3" type="stmt"/>
        <line num="113" count="3" type="stmt"/>
        <line num="116" count="0" type="stmt"/>
        <line num="119" count="0" type="stmt"/>
        <line num="122" count="0" type="stmt"/>
        <line num="129" count="68" type="stmt"/>
        <line num="130" count="0" type="stmt"/>
        <line num="131" count="0" type="stmt"/>
        <line num="137" count="68" type="stmt"/>
        <line num="165" count="1" type="stmt"/>
      </file>
    </package>
  </project>
</coverage>
