{"C:\\Users\\adam2\\source\\repos\\ReactNativeGames\\components\\Storage.js": {"path":"C:\\Users\\adam2\\source\\repos\\ReactNativeGames\\components\\Storage.js","statementMap":{"0":{"start":{"line":4,"column":16},"end":{"line":10,"column":2}},"1":{"start":{"line":12,"column":18},"end":{"line":26,"column":1}},"2":{"start":{"line":14,"column":4},"end":{"line":25,"column":5}},"3":{"start":{"line":16,"column":22},"end":{"line":16,"column":65}},"4":{"start":{"line":17,"column":8},"end":{"line":17,"column":33}},"5":{"start":{"line":18,"column":8},"end":{"line":18,"column":87}},"6":{"start":{"line":18,"column":41},"end":{"line":18,"column":83}},"7":{"start":{"line":19,"column":8},"end":{"line":19,"column":55}},"8":{"start":{"line":23,"column":8},"end":{"line":23,"column":47}},"9":{"start":{"line":24,"column":8},"end":{"line":24,"column":35}},"10":{"start":{"line":28,"column":17},"end":{"line":50,"column":1}},"11":{"start":{"line":30,"column":4},"end":{"line":49,"column":5}},"12":{"start":{"line":32,"column":20},"end":{"line":32,"column":22}},"13":{"start":{"line":33,"column":28},"end":{"line":33,"column":59}},"14":{"start":{"line":34,"column":8},"end":{"line":37,"column":52}},"15":{"start":{"line":35,"column":12},"end":{"line":35,"column":24}},"16":{"start":{"line":37,"column":12},"end":{"line":37,"column":52}},"17":{"start":{"line":38,"column":8},"end":{"line":38,"column":97}},"18":{"start":{"line":38,"column":21},"end":{"line":38,"column":22}},"19":{"start":{"line":38,"column":50},"end":{"line":38,"column":95}},"20":{"start":{"line":39,"column":8},"end":{"line":40,"column":24}},"21":{"start":{"line":40,"column":12},"end":{"line":40,"column":24}},"22":{"start":{"line":41,"column":8},"end":{"line":41,"column":52}},"23":{"start":{"line":42,"column":8},"end":{"line":42,"column":33}},"24":{"start":{"line":46,"column":8},"end":{"line":46,"column":63}},"25":{"start":{"line":47,"column":8},"end":{"line":47,"column":27}},"26":{"start":{"line":48,"column":8},"end":{"line":48,"column":20}},"27":{"start":{"line":52,"column":19},"end":{"line":70,"column":1}},"28":{"start":{"line":54,"column":4},"end":{"line":69,"column":5}},"29":{"start":{"line":56,"column":8},"end":{"line":56,"column":56}},"30":{"start":{"line":57,"column":28},"end":{"line":57,"column":59}},"31":{"start":{"line":58,"column":8},"end":{"line":63,"column":9}},"32":{"start":{"line":60,"column":12},"end":{"line":60,"column":52}},"33":{"start":{"line":61,"column":12},"end":{"line":61,"column":89}},"34":{"start":{"line":61,"column":25},"end":{"line":61,"column":26}},"35":{"start":{"line":61,"column":54},"end":{"line":61,"column":87}},"36":{"start":{"line":62,"column":12},"end":{"line":62,"column":41}},"37":{"start":{"line":67,"column":8},"end":{"line":67,"column":48}},"38":{"start":{"line":68,"column":8},"end":{"line":68,"column":35}}},"fnMap":{"0":{"name":"(anonymous_0)","decl":{"start":{"line":12,"column":18},"end":{"line":12,"column":19}},"loc":{"start":{"line":13,"column":0},"end":{"line":26,"column":1}},"line":13},"1":{"name":"(anonymous_1)","decl":{"start":{"line":18,"column":22},"end":{"line":18,"column":23}},"loc":{"start":{"line":18,"column":39},"end":{"line":18,"column":85}},"line":18},"2":{"name":"(anonymous_2)","decl":{"start":{"line":28,"column":17},"end":{"line":28,"column":18}},"loc":{"start":{"line":29,"column":0},"end":{"line":50,"column":1}},"line":29},"3":{"name":"(anonymous_3)","decl":{"start":{"line":52,"column":19},"end":{"line":52,"column":20}},"loc":{"start":{"line":53,"column":0},"end":{"line":70,"column":1}},"line":53}},"branchMap":{"0":{"loc":{"start":{"line":34,"column":8},"end":{"line":37,"column":52}},"type":"if","locations":[{"start":{"line":34,"column":8},"end":{"line":37,"column":52}},{"start":{"line":37,"column":12},"end":{"line":37,"column":52}}],"line":34},"1":{"loc":{"start":{"line":34,"column":11},"end":{"line":34,"column":74}},"type":"binary-expr","locations":[{"start":{"line":34,"column":11},"end":{"line":34,"column":48}},{"start":{"line":34,"column":52},"end":{"line":34,"column":74}}],"line":34},"2":{"loc":{"start":{"line":39,"column":8},"end":{"line":40,"column":24}},"type":"if","locations":[{"start":{"line":39,"column":8},"end":{"line":40,"column":24}},{"start":{},"end":{}}],"line":39},"3":{"loc":{"start":{"line":58,"column":8},"end":{"line":63,"column":9}},"type":"if","locations":[{"start":{"line":58,"column":8},"end":{"line":63,"column":9}},{"start":{},"end":{}}],"line":58},"4":{"loc":{"start":{"line":58,"column":11},"end":{"line":58,"column":74}},"type":"binary-expr","locations":[{"start":{"line":58,"column":11},"end":{"line":58,"column":48}},{"start":{"line":58,"column":52},"end":{"line":58,"column":74}}],"line":58}},"s":{"0":1,"1":1,"2":0,"3":0,"4":0,"5":0,"6":0,"7":0,"8":0,"9":0,"10":1,"11":0,"12":0,"13":0,"14":0,"15":0,"16":0,"17":0,"18":0,"19":0,"20":0,"21":0,"22":0,"23":0,"24":0,"25":0,"26":0,"27":1,"28":0,"29":0,"30":0,"31":0,"32":0,"33":0,"34":0,"35":0,"36":0,"37":0,"38":0},"f":{"0":0,"1":0,"2":0,"3":0},"b":{"0":[0,0],"1":[0,0],"2":[0,0],"3":[0,0],"4":[0,0]},"_coverageSchema":"1a1c01bbd47fc00a2c39e90264f33305004495a9","hash":"13310eb38c43d8f79460da129d65e639581443d9"}
,"C:\\Users\\adam2\\source\\repos\\ReactNativeGames\\components\\Game2\\Game2.js": {"path":"C:\\Users\\adam2\\source\\repos\\ReactNativeGames\\components\\Game2\\Game2.js","statementMap":{"0":{"start":{"line":7,"column":36},"end":{"line":7,"column":48}},"1":{"start":{"line":8,"column":44},"end":{"line":8,"column":80}},"2":{"start":{"line":9,"column":44},"end":{"line":9,"column":66}},"3":{"start":{"line":10,"column":42},"end":{"line":10,"column":57}},"4":{"start":{"line":11,"column":36},"end":{"line":11,"column":51}},"5":{"start":{"line":12,"column":30},"end":{"line":12,"column":41}},"6":{"start":{"line":13,"column":44},"end":{"line":13,"column":55}},"7":{"start":{"line":14,"column":30},"end":{"line":14,"column":42}},"8":{"start":{"line":15,"column":46},"end":{"line":15,"column":58}},"9":{"start":{"line":17,"column":4},"end":{"line":25,"column":11}},"10":{"start":{"line":18,"column":8},"end":{"line":18,"column":40}},"11":{"start":{"line":19,"column":8},"end":{"line":21,"column":11}},"12":{"start":{"line":20,"column":12},"end":{"line":20,"column":34}},"13":{"start":{"line":22,"column":8},"end":{"line":24,"column":10}},"14":{"start":{"line":23,"column":12},"end":{"line":23,"column":43}},"15":{"start":{"line":27,"column":4},"end":{"line":67,"column":26}},"16":{"start":{"line":28,"column":8},"end":{"line":66,"column":9}},"17":{"start":{"line":29,"column":34},"end":{"line":29,"column":58}},"18":{"start":{"line":30,"column":12},"end":{"line":30,"column":32}},"19":{"start":{"line":31,"column":12},"end":{"line":31,"column":34}},"20":{"start":{"line":32,"column":49},"end":{"line":32,"column":61}},"21":{"start":{"line":33,"column":41},"end":{"line":33,"column":53}},"22":{"start":{"line":34,"column":23},"end":{"line":34,"column":29}},"23":{"start":{"line":35,"column":23},"end":{"line":35,"column":40}},"24":{"start":{"line":36,"column":23},"end":{"line":36,"column":40}},"25":{"start":{"line":37,"column":24},"end":{"line":37,"column":36}},"26":{"start":{"line":38,"column":24},"end":{"line":38,"column":36}},"27":{"start":{"line":39,"column":25},"end":{"line":39,"column":73}},"28":{"start":{"line":40,"column":25},"end":{"line":40,"column":74}},"29":{"start":{"line":42,"column":12},"end":{"line":46,"column":13}},"30":{"start":{"line":43,"column":16},"end":{"line":43,"column":37}},"31":{"start":{"line":44,"column":19},"end":{"line":46,"column":13}},"32":{"start":{"line":45,"column":16},"end":{"line":45,"column":37}},"33":{"start":{"line":48,"column":12},"end":{"line":48,"column":70}},"34":{"start":{"line":50,"column":12},"end":{"line":61,"column":13}},"35":{"start":{"line":58,"column":16},"end":{"line":58,"column":53}},"36":{"start":{"line":58,"column":38},"end":{"line":58,"column":51}},"37":{"start":{"line":59,"column":16},"end":{"line":59,"column":75}},"38":{"start":{"line":60,"column":16},"end":{"line":60,"column":97}},"39":{"start":{"line":63,"column":12},"end":{"line":65,"column":13}},"40":{"start":{"line":64,"column":16},"end":{"line":64,"column":34}},"41":{"start":{"line":69,"column":22},"end":{"line":77,"column":5}},"42":{"start":{"line":70,"column":32},"end":{"line":70,"column":56}},"43":{"start":{"line":71,"column":8},"end":{"line":71,"column":69}},"44":{"start":{"line":72,"column":8},"end":{"line":72,"column":67}},"45":{"start":{"line":73,"column":8},"end":{"line":73,"column":20}},"46":{"start":{"line":74,"column":8},"end":{"line":74,"column":32}},"47":{"start":{"line":75,"column":8},"end":{"line":75,"column":29}},"48":{"start":{"line":76,"column":8},"end":{"line":76,"column":27}},"49":{"start":{"line":79,"column":39},"end":{"line":84,"column":5}},"50":{"start":{"line":80,"column":25},"end":{"line":80,"column":27}},"51":{"start":{"line":81,"column":22},"end":{"line":81,"column":79}},"52":{"start":{"line":82,"column":22},"end":{"line":82,"column":80}},"53":{"start":{"line":83,"column":8},"end":{"line":83,"column":36}},"54":{"start":{"line":86,"column":24},"end":{"line":88,"column":5}},"55":{"start":{"line":87,"column":8},"end":{"line":87,"column":27}},"56":{"start":{"line":91,"column":4},"end":{"line":96,"column":16}},"57":{"start":{"line":92,"column":8},"end":{"line":95,"column":9}},"58":{"start":{"line":93,"column":12},"end":{"line":93,"column":35}},"59":{"start":{"line":94,"column":12},"end":{"line":94,"column":30}},"60":{"start":{"line":98,"column":4},"end":{"line":105,"column":32}},"61":{"start":{"line":99,"column":8},"end":{"line":104,"column":9}},"62":{"start":{"line":100,"column":28},"end":{"line":102,"column":20}},"63":{"start":{"line":101,"column":16},"end":{"line":101,"column":53}},"64":{"start":{"line":101,"column":38},"end":{"line":101,"column":51}},"65":{"start":{"line":103,"column":12},"end":{"line":103,"column":48}},"66":{"start":{"line":103,"column":25},"end":{"line":103,"column":47}},"67":{"start":{"line":107,"column":4},"end":{"line":109,"column":11}},"68":{"start":{"line":108,"column":8},"end":{"line":108,"column":26}},"69":{"start":{"line":111,"column":21},"end":{"line":127,"column":5}},"70":{"start":{"line":112,"column":8},"end":{"line":126,"column":9}},"71":{"start":{"line":113,"column":12},"end":{"line":117,"column":28}},"72":{"start":{"line":116,"column":16},"end":{"line":116,"column":37}},"73":{"start":{"line":119,"column":12},"end":{"line":123,"column":28}},"74":{"start":{"line":122,"column":16},"end":{"line":122,"column":44}},"75":{"start":{"line":129,"column":21},"end":{"line":135,"column":5}},"76":{"start":{"line":130,"column":8},"end":{"line":130,"column":33}},"77":{"start":{"line":131,"column":8},"end":{"line":134,"column":18}},"78":{"start":{"line":137,"column":4},"end":{"line":162,"column":6}},"79":{"start":{"line":165,"column":15},"end":{"line":215,"column":2}}},"fnMap":{"0":{"name":"Game2","decl":{"start":{"line":6,"column":24},"end":{"line":6,"column":29}},"loc":{"start":{"line":6,"column":32},"end":{"line":163,"column":1}},"line":6},"1":{"name":"(anonymous_1)","decl":{"start":{"line":17,"column":14},"end":{"line":17,"column":15}},"loc":{"start":{"line":17,"column":20},"end":{"line":25,"column":5}},"line":17},"2":{"name":"(anonymous_2)","decl":{"start":{"line":19,"column":30},"end":{"line":19,"column":31}},"loc":{"start":{"line":19,"column":42},"end":{"line":21,"column":9}},"line":19},"3":{"name":"(anonymous_3)","decl":{"start":{"line":22,"column":15},"end":{"line":22,"column":16}},"loc":{"start":{"line":22,"column":21},"end":{"line":24,"column":9}},"line":22},"4":{"name":"(anonymous_4)","decl":{"start":{"line":27,"column":14},"end":{"line":27,"column":15}},"loc":{"start":{"line":27,"column":20},"end":{"line":67,"column":5}},"line":27},"5":{"name":"(anonymous_5)","decl":{"start":{"line":58,"column":25},"end":{"line":58,"column":26}},"loc":{"start":{"line":58,"column":38},"end":{"line":58,"column":51}},"line":58},"6":{"name":"(anonymous_6)","decl":{"start":{"line":69,"column":22},"end":{"line":69,"column":23}},"loc":{"start":{"line":69,"column":28},"end":{"line":77,"column":5}},"line":69},"7":{"name":"(anonymous_7)","decl":{"start":{"line":79,"column":39},"end":{"line":79,"column":40}},"loc":{"start":{"line":79,"column":58},"end":{"line":84,"column":5}},"line":79},"8":{"name":"(anonymous_8)","decl":{"start":{"line":86,"column":24},"end":{"line":86,"column":25}},"loc":{"start":{"line":86,"column":38},"end":{"line":88,"column":5}},"line":86},"9":{"name":"(anonymous_9)","decl":{"start":{"line":91,"column":14},"end":{"line":91,"column":15}},"loc":{"start":{"line":91,"column":20},"end":{"line":96,"column":5}},"line":91},"10":{"name":"(anonymous_10)","decl":{"start":{"line":98,"column":14},"end":{"line":98,"column":15}},"loc":{"start":{"line":98,"column":20},"end":{"line":105,"column":5}},"line":98},"11":{"name":"(anonymous_11)","decl":{"start":{"line":100,"column":40},"end":{"line":100,"column":41}},"loc":{"start":{"line":100,"column":46},"end":{"line":102,"column":13}},"line":100},"12":{"name":"(anonymous_12)","decl":{"start":{"line":101,"column":25},"end":{"line":101,"column":26}},"loc":{"start":{"line":101,"column":38},"end":{"line":101,"column":51}},"line":101},"13":{"name":"(anonymous_13)","decl":{"start":{"line":103,"column":19},"end":{"line":103,"column":20}},"loc":{"start":{"line":103,"column":25},"end":{"line":103,"column":47}},"line":103},"14":{"name":"(anonymous_14)","decl":{"start":{"line":107,"column":14},"end":{"line":107,"column":15}},"loc":{"start":{"line":107,"column":20},"end":{"line":109,"column":5}},"line":107},"15":{"name":"(anonymous_15)","decl":{"start":{"line":111,"column":21},"end":{"line":111,"column":22}},"loc":{"start":{"line":111,"column":33},"end":{"line":127,"column":5}},"line":111},"16":{"name":"(anonymous_16)","decl":{"start":{"line":115,"column":20},"end":{"line":115,"column":21}},"loc":{"start":{"line":115,"column":27},"end":{"line":117,"column":13}},"line":115},"17":{"name":"(anonymous_17)","decl":{"start":{"line":117,"column":21},"end":{"line":117,"column":22}},"loc":{"start":{"line":117,"column":25},"end":{"line":117,"column":27}},"line":117},"18":{"name":"(anonymous_18)","decl":{"start":{"line":121,"column":20},"end":{"line":121,"column":21}},"loc":{"start":{"line":121,"column":27},"end":{"line":123,"column":13}},"line":121},"19":{"name":"(anonymous_19)","decl":{"start":{"line":123,"column":21},"end":{"line":123,"column":22}},"loc":{"start":{"line":123,"column":25},"end":{"line":123,"column":27}},"line":123},"20":{"name":"(anonymous_20)","decl":{"start":{"line":129,"column":21},"end":{"line":129,"column":22}},"loc":{"start":{"line":129,"column":33},"end":{"line":135,"column":5}},"line":129}},"branchMap":{"0":{"loc":{"start":{"line":28,"column":8},"end":{"line":66,"column":9}},"type":"if","locations":[{"start":{"line":28,"column":8},"end":{"line":66,"column":9}},{"start":{},"end":{}}],"line":28},"1":{"loc":{"start":{"line":28,"column":12},"end":{"line":28,"column":36}},"type":"binary-expr","locations":[{"start":{"line":28,"column":12},"end":{"line":28,"column":23}},{"start":{"line":28,"column":27},"end":{"line":28,"column":36}}],"line":28},"2":{"loc":{"start":{"line":42,"column":12},"end":{"line":46,"column":13}},"type":"if","locations":[{"start":{"line":42,"column":12},"end":{"line":46,"column":13}},{"start":{"line":44,"column":19},"end":{"line":46,"column":13}}],"line":42},"3":{"loc":{"start":{"line":42,"column":16},"end":{"line":42,"column":44}},"type":"binary-expr","locations":[{"start":{"line":42,"column":16},"end":{"line":42,"column":26}},{"start":{"line":42,"column":30},"end":{"line":42,"column":44}}],"line":42},"4":{"loc":{"start":{"line":44,"column":19},"end":{"line":46,"column":13}},"type":"if","locations":[{"start":{"line":44,"column":19},"end":{"line":46,"column":13}},{"start":{},"end":{}}],"line":44},"5":{"loc":{"start":{"line":44,"column":23},"end":{"line":44,"column":52}},"type":"binary-expr","locations":[{"start":{"line":44,"column":23},"end":{"line":44,"column":33}},{"start":{"line":44,"column":37},"end":{"line":44,"column":52}}],"line":44},"6":{"loc":{"start":{"line":50,"column":12},"end":{"line":61,"column":13}},"type":"if","locations":[{"start":{"line":50,"column":12},"end":{"line":61,"column":13}},{"start":{},"end":{}}],"line":50},"7":{"loc":{"start":{"line":51,"column":16},"end":{"line":56,"column":30}},"type":"binary-expr","locations":[{"start":{"line":51,"column":16},"end":{"line":51,"column":44}},{"start":{"line":52,"column":16},"end":{"line":52,"column":44}},{"start":{"line":53,"column":16},"end":{"line":53,"column":25}},{"start":{"line":54,"column":16},"end":{"line":54,"column":29}},{"start":{"line":55,"column":16},"end":{"line":55,"column":25}},{"start":{"line":56,"column":16},"end":{"line":56,"column":30}}],"line":51},"8":{"loc":{"start":{"line":63,"column":12},"end":{"line":65,"column":13}},"type":"if","locations":[{"start":{"line":63,"column":12},"end":{"line":65,"column":13}},{"start":{},"end":{}}],"line":63},"9":{"loc":{"start":{"line":92,"column":8},"end":{"line":95,"column":9}},"type":"if","locations":[{"start":{"line":92,"column":8},"end":{"line":95,"column":9}},{"start":{},"end":{}}],"line":92},"10":{"loc":{"start":{"line":99,"column":8},"end":{"line":104,"column":9}},"type":"if","locations":[{"start":{"line":99,"column":8},"end":{"line":104,"column":9}},{"start":{},"end":{}}],"line":99},"11":{"loc":{"start":{"line":99,"column":12},"end":{"line":99,"column":36}},"type":"binary-expr","locations":[{"start":{"line":99,"column":12},"end":{"line":99,"column":23}},{"start":{"line":99,"column":27},"end":{"line":99,"column":36}}],"line":99},"12":{"loc":{"start":{"line":141,"column":13},"end":{"line":145,"column":13}},"type":"binary-expr","locations":[{"start":{"line":141,"column":13},"end":{"line":141,"column":25}},{"start":{"line":141,"column":29},"end":{"line":141,"column":38}},{"start":{"line":142,"column":16},"end":{"line":144,"column":23}}],"line":141},"13":{"loc":{"start":{"line":146,"column":13},"end":{"line":154,"column":13}},"type":"binary-expr","locations":[{"start":{"line":146,"column":13},"end":{"line":146,"column":21}},{"start":{"line":147,"column":16},"end":{"line":153,"column":19}}],"line":146},"14":{"loc":{"start":{"line":155,"column":13},"end":{"line":160,"column":13}},"type":"binary-expr","locations":[{"start":{"line":155,"column":13},"end":{"line":155,"column":24}},{"start":{"line":156,"column":16},"end":{"line":159,"column":19}}],"line":155}},"s":{"0":69,"1":68,"2":68,"3":68,"4":68,"5":68,"6":68,"7":68,"8":68,"9":68,"10":3,"11":3,"12":0,"13":3,"14":3,"15":68,"16":65,"17":61,"18":61,"19":61,"20":61,"21":61,"22":61,"23":61,"24":61,"25":61,"26":61,"27":61,"28":61,"29":61,"30":0,"31":61,"32":0,"33":61,"34":61,"35":0,"36":0,"37":0,"38":0,"39":61,"40":1,"41":68,"42":3,"43":3,"44":3,"45":3,"46":3,"47":3,"48":3,"49":68,"50":3,"51":3,"52":3,"53":3,"54":68,"55":0,"56":68,"57":3,"58":0,"59":0,"60":68,"61":7,"62":3,"63":61,"64":61,"65":3,"66":3,"67":68,"68":3,"69":68,"70":3,"71":3,"72":0,"73":0,"74":0,"75":68,"76":0,"77":0,"78":68,"79":1},"f":{"0":69,"1":3,"2":0,"3":3,"4":65,"5":0,"6":3,"7":3,"8":0,"9":3,"10":7,"11":61,"12":61,"13":3,"14":3,"15":3,"16":0,"17":0,"18":0,"19":0,"20":0},"b":{"0":[61,4],"1":[65,62],"2":[0,61],"3":[61,61],"4":[0,61],"5":[61,61],"6":[0,61],"7":[61,0,0,0,0,0],"8":[1,60],"9":[0,3],"10":[3,4],"11":[7,4],"12":[68,3,3],"13":[68,1],"14":[68,65]},"_coverageSchema":"1a1c01bbd47fc00a2c39e90264f33305004495a9","hash":"c22a7607942d2885e1492a58b46af00276e65792"}
}
