{"C:\\Users\\adam2\\source\\repos\\ReactNativeGames\\components\\Storage.js": {"path":"C:\\Users\\adam2\\source\\repos\\ReactNativeGames\\components\\Storage.js","statementMap":{"0":{"start":{"line":4,"column":16},"end":{"line":10,"column":2}},"1":{"start":{"line":12,"column":18},"end":{"line":26,"column":1}},"2":{"start":{"line":14,"column":4},"end":{"line":25,"column":5}},"3":{"start":{"line":16,"column":22},"end":{"line":16,"column":65}},"4":{"start":{"line":17,"column":8},"end":{"line":17,"column":33}},"5":{"start":{"line":18,"column":8},"end":{"line":18,"column":87}},"6":{"start":{"line":18,"column":41},"end":{"line":18,"column":83}},"7":{"start":{"line":19,"column":8},"end":{"line":19,"column":55}},"8":{"start":{"line":23,"column":8},"end":{"line":23,"column":47}},"9":{"start":{"line":24,"column":8},"end":{"line":24,"column":35}},"10":{"start":{"line":28,"column":17},"end":{"line":50,"column":1}},"11":{"start":{"line":30,"column":4},"end":{"line":49,"column":5}},"12":{"start":{"line":32,"column":20},"end":{"line":32,"column":22}},"13":{"start":{"line":33,"column":28},"end":{"line":33,"column":59}},"14":{"start":{"line":34,"column":8},"end":{"line":37,"column":52}},"15":{"start":{"line":35,"column":12},"end":{"line":35,"column":24}},"16":{"start":{"line":37,"column":12},"end":{"line":37,"column":52}},"17":{"start":{"line":38,"column":8},"end":{"line":38,"column":97}},"18":{"start":{"line":38,"column":21},"end":{"line":38,"column":22}},"19":{"start":{"line":38,"column":50},"end":{"line":38,"column":95}},"20":{"start":{"line":39,"column":8},"end":{"line":40,"column":24}},"21":{"start":{"line":40,"column":12},"end":{"line":40,"column":24}},"22":{"start":{"line":41,"column":8},"end":{"line":41,"column":52}},"23":{"start":{"line":42,"column":8},"end":{"line":42,"column":33}},"24":{"start":{"line":46,"column":8},"end":{"line":46,"column":63}},"25":{"start":{"line":47,"column":8},"end":{"line":47,"column":27}},"26":{"start":{"line":48,"column":8},"end":{"line":48,"column":20}},"27":{"start":{"line":52,"column":19},"end":{"line":70,"column":1}},"28":{"start":{"line":54,"column":4},"end":{"line":69,"column":5}},"29":{"start":{"line":56,"column":8},"end":{"line":56,"column":56}},"30":{"start":{"line":57,"column":28},"end":{"line":57,"column":59}},"31":{"start":{"line":58,"column":8},"end":{"line":63,"column":9}},"32":{"start":{"line":60,"column":12},"end":{"line":60,"column":52}},"33":{"start":{"line":61,"column":12},"end":{"line":61,"column":89}},"34":{"start":{"line":61,"column":25},"end":{"line":61,"column":26}},"35":{"start":{"line":61,"column":54},"end":{"line":61,"column":87}},"36":{"start":{"line":62,"column":12},"end":{"line":62,"column":41}},"37":{"start":{"line":67,"column":8},"end":{"line":67,"column":48}},"38":{"start":{"line":68,"column":8},"end":{"line":68,"column":35}}},"fnMap":{"0":{"name":"(anonymous_0)","decl":{"start":{"line":12,"column":18},"end":{"line":12,"column":19}},"loc":{"start":{"line":13,"column":0},"end":{"line":26,"column":1}},"line":13},"1":{"name":"(anonymous_1)","decl":{"start":{"line":18,"column":22},"end":{"line":18,"column":23}},"loc":{"start":{"line":18,"column":39},"end":{"line":18,"column":85}},"line":18},"2":{"name":"(anonymous_2)","decl":{"start":{"line":28,"column":17},"end":{"line":28,"column":18}},"loc":{"start":{"line":29,"column":0},"end":{"line":50,"column":1}},"line":29},"3":{"name":"(anonymous_3)","decl":{"start":{"line":52,"column":19},"end":{"line":52,"column":20}},"loc":{"start":{"line":53,"column":0},"end":{"line":70,"column":1}},"line":53}},"branchMap":{"0":{"loc":{"start":{"line":34,"column":8},"end":{"line":37,"column":52}},"type":"if","locations":[{"start":{"line":34,"column":8},"end":{"line":37,"column":52}},{"start":{"line":37,"column":12},"end":{"line":37,"column":52}}],"line":34},"1":{"loc":{"start":{"line":34,"column":11},"end":{"line":34,"column":74}},"type":"binary-expr","locations":[{"start":{"line":34,"column":11},"end":{"line":34,"column":48}},{"start":{"line":34,"column":52},"end":{"line":34,"column":74}}],"line":34},"2":{"loc":{"start":{"line":39,"column":8},"end":{"line":40,"column":24}},"type":"if","locations":[{"start":{"line":39,"column":8},"end":{"line":40,"column":24}},{"start":{},"end":{}}],"line":39},"3":{"loc":{"start":{"line":58,"column":8},"end":{"line":63,"column":9}},"type":"if","locations":[{"start":{"line":58,"column":8},"end":{"line":63,"column":9}},{"start":{},"end":{}}],"line":58},"4":{"loc":{"start":{"line":58,"column":11},"end":{"line":58,"column":74}},"type":"binary-expr","locations":[{"start":{"line":58,"column":11},"end":{"line":58,"column":48}},{"start":{"line":58,"column":52},"end":{"line":58,"column":74}}],"line":58}},"s":{"0":1,"1":1,"2":0,"3":0,"4":0,"5":0,"6":0,"7":0,"8":0,"9":0,"10":1,"11":0,"12":0,"13":0,"14":0,"15":0,"16":0,"17":0,"18":0,"19":0,"20":0,"21":0,"22":0,"23":0,"24":0,"25":0,"26":0,"27":1,"28":0,"29":0,"30":0,"31":0,"32":0,"33":0,"34":0,"35":0,"36":0,"37":0,"38":0},"f":{"0":0,"1":0,"2":0,"3":0},"b":{"0":[0,0],"1":[0,0],"2":[0,0],"3":[0,0],"4":[0,0]},"_coverageSchema":"1a1c01bbd47fc00a2c39e90264f33305004495a9","hash":"13310eb38c43d8f79460da129d65e639581443d9"}
,"C:\\Users\\adam2\\source\\repos\\ReactNativeGames\\components\\Game1\\Card.js": {"path":"C:\\Users\\adam2\\source\\repos\\ReactNativeGames\\components\\Game1\\Card.js","statementMap":{"0":{"start":{"line":5,"column":4},"end":{"line":16,"column":6}},"1":{"start":{"line":19,"column":15},"end":{"line":43,"column":2}}},"fnMap":{"0":{"name":"Card","decl":{"start":{"line":4,"column":24},"end":{"line":4,"column":28}},"loc":{"start":{"line":4,"column":66},"end":{"line":17,"column":1}},"line":4}},"branchMap":{"0":{"loc":{"start":{"line":7,"column":19},"end":{"line":7,"column":65}},"type":"cond-expr","locations":[{"start":{"line":7,"column":34},"end":{"line":7,"column":47}},{"start":{"line":7,"column":50},"end":{"line":7,"column":65}}],"line":7},"1":{"loc":{"start":{"line":10,"column":13},"end":{"line":14,"column":13}},"type":"cond-expr","locations":[{"start":{"line":11,"column":16},"end":{"line":11,"column":59}},{"start":{"line":13,"column":16},"end":{"line":13,"column":50}}],"line":10}},"s":{"0":0,"1":1},"f":{"0":0},"b":{"0":[0,0],"1":[0,0]},"_coverageSchema":"1a1c01bbd47fc00a2c39e90264f33305004495a9","hash":"af2566573ed97ee53e3cd83073b31ffc764b5dea"}
,"C:\\Users\\adam2\\source\\repos\\ReactNativeGames\\components\\Game1\\Game1.js": {"path":"C:\\Users\\adam2\\source\\repos\\ReactNativeGames\\components\\Game1\\Game1.js","statementMap":{"0":{"start":{"line":7,"column":12},"end":{"line":17,"column":1}},"1":{"start":{"line":21,"column":30},"end":{"line":21,"column":48}},"2":{"start":{"line":22,"column":46},"end":{"line":22,"column":64}},"3":{"start":{"line":23,"column":44},"end":{"line":23,"column":62}},"4":{"start":{"line":24,"column":30},"end":{"line":24,"column":47}},"5":{"start":{"line":26,"column":4},"end":{"line":36,"column":24}},"6":{"start":{"line":27,"column":8},"end":{"line":27,"column":45}},"7":{"start":{"line":27,"column":38},"end":{"line":27,"column":45}},"8":{"start":{"line":29,"column":8},"end":{"line":35,"column":9}},"9":{"start":{"line":30,"column":12},"end":{"line":30,"column":65}},"10":{"start":{"line":31,"column":12},"end":{"line":31,"column":33}},"11":{"start":{"line":33,"column":30},"end":{"line":33,"column":74}},"12":{"start":{"line":33,"column":47},"end":{"line":33,"column":67}},"13":{"start":{"line":34,"column":12},"end":{"line":34,"column":49}},"14":{"start":{"line":34,"column":25},"end":{"line":34,"column":48}},"15":{"start":{"line":38,"column":4},"end":{"line":42,"column":11}},"16":{"start":{"line":39,"column":8},"end":{"line":39,"column":22}},"17":{"start":{"line":40,"column":8},"end":{"line":41,"column":10}},"18":{"start":{"line":44,"column":4},"end":{"line":49,"column":30}},"19":{"start":{"line":45,"column":8},"end":{"line":48,"column":9}},"20":{"start":{"line":46,"column":12},"end":{"line":47,"column":15}},"21":{"start":{"line":51,"column":26},"end":{"line":55,"column":5}},"22":{"start":{"line":52,"column":8},"end":{"line":52,"column":79}},"23":{"start":{"line":52,"column":72},"end":{"line":52,"column":79}},"24":{"start":{"line":53,"column":8},"end":{"line":53,"column":52}},"25":{"start":{"line":54,"column":8},"end":{"line":54,"column":28}},"26":{"start":{"line":57,"column":25},"end":{"line":57,"column":67}},"27":{"start":{"line":57,"column":31},"end":{"line":57,"column":67}},"28":{"start":{"line":59,"column":24},"end":{"line":64,"column":5}},"29":{"start":{"line":60,"column":8},"end":{"line":60,"column":48}},"30":{"start":{"line":61,"column":8},"end":{"line":61,"column":29}},"31":{"start":{"line":62,"column":8},"end":{"line":62,"column":28}},"32":{"start":{"line":63,"column":8},"end":{"line":63,"column":20}},"33":{"start":{"line":66,"column":21},"end":{"line":82,"column":5}},"34":{"start":{"line":67,"column":8},"end":{"line":71,"column":11}},"35":{"start":{"line":72,"column":8},"end":{"line":76,"column":11}},"36":{"start":{"line":77,"column":8},"end":{"line":81,"column":11}},"37":{"start":{"line":84,"column":21},"end":{"line":103,"column":5}},"38":{"start":{"line":85,"column":8},"end":{"line":102,"column":9}},"39":{"start":{"line":86,"column":12},"end":{"line":86,"column":80}},"40":{"start":{"line":86,"column":58},"end":{"line":86,"column":79}},"41":{"start":{"line":87,"column":12},"end":{"line":91,"column":14}},"42":{"start":{"line":88,"column":16},"end":{"line":90,"column":37}},"43":{"start":{"line":89,"column":20},"end":{"line":89,"column":34}},"44":{"start":{"line":90,"column":21},"end":{"line":90,"column":37}},"45":{"start":{"line":92,"column":12},"end":{"line":94,"column":14}},"46":{"start":{"line":93,"column":16},"end":{"line":93,"column":52}},"47":{"start":{"line":95,"column":12},"end":{"line":97,"column":14}},"48":{"start":{"line":96,"column":16},"end":{"line":96,"column":61}},"49":{"start":{"line":100,"column":12},"end":{"line":100,"column":44}},"50":{"start":{"line":101,"column":12},"end":{"line":101,"column":26}},"51":{"start":{"line":106,"column":4},"end":{"line":130,"column":6}},"52":{"start":{"line":115,"column":24},"end":{"line":115,"column":85}},"53":{"start":{"line":116,"column":20},"end":{"line":124,"column":22}},"54":{"start":{"line":120,"column":43},"end":{"line":120,"column":63}},"55":{"start":{"line":133,"column":15},"end":{"line":151,"column":2}},"56":{"start":{"line":154,"column":4},"end":{"line":158,"column":5}},"57":{"start":{"line":154,"column":17},"end":{"line":154,"column":33}},"58":{"start":{"line":155,"column":28},"end":{"line":155,"column":63}},"59":{"start":{"line":157,"column":8},"end":{"line":157,"column":72}},"60":{"start":{"line":159,"column":4},"end":{"line":159,"column":17}}},"fnMap":{"0":{"name":"Game1","decl":{"start":{"line":20,"column":24},"end":{"line":20,"column":29}},"loc":{"start":{"line":20,"column":32},"end":{"line":131,"column":1}},"line":20},"1":{"name":"(anonymous_1)","decl":{"start":{"line":26,"column":20},"end":{"line":26,"column":21}},"loc":{"start":{"line":26,"column":26},"end":{"line":36,"column":5}},"line":26},"2":{"name":"(anonymous_2)","decl":{"start":{"line":33,"column":41},"end":{"line":33,"column":42}},"loc":{"start":{"line":33,"column":47},"end":{"line":33,"column":67}},"line":33},"3":{"name":"(anonymous_3)","decl":{"start":{"line":34,"column":19},"end":{"line":34,"column":20}},"loc":{"start":{"line":34,"column":25},"end":{"line":34,"column":48}},"line":34},"4":{"name":"(anonymous_4)","decl":{"start":{"line":38,"column":20},"end":{"line":38,"column":21}},"loc":{"start":{"line":38,"column":26},"end":{"line":42,"column":5}},"line":38},"5":{"name":"(anonymous_5)","decl":{"start":{"line":40,"column":25},"end":{"line":40,"column":26}},"loc":{"start":{"line":40,"column":31},"end":{"line":41,"column":9}},"line":40},"6":{"name":"(anonymous_6)","decl":{"start":{"line":44,"column":20},"end":{"line":44,"column":21}},"loc":{"start":{"line":44,"column":26},"end":{"line":49,"column":5}},"line":44},"7":{"name":"(anonymous_7)","decl":{"start":{"line":46,"column":29},"end":{"line":46,"column":30}},"loc":{"start":{"line":46,"column":35},"end":{"line":47,"column":13}},"line":46},"8":{"name":"(anonymous_8)","decl":{"start":{"line":51,"column":26},"end":{"line":51,"column":27}},"loc":{"start":{"line":51,"column":37},"end":{"line":55,"column":5}},"line":51},"9":{"name":"(anonymous_9)","decl":{"start":{"line":57,"column":25},"end":{"line":57,"column":26}},"loc":{"start":{"line":57,"column":31},"end":{"line":57,"column":67}},"line":57},"10":{"name":"(anonymous_10)","decl":{"start":{"line":59,"column":24},"end":{"line":59,"column":25}},"loc":{"start":{"line":59,"column":30},"end":{"line":64,"column":5}},"line":59},"11":{"name":"(anonymous_11)","decl":{"start":{"line":66,"column":21},"end":{"line":66,"column":22}},"loc":{"start":{"line":66,"column":33},"end":{"line":82,"column":5}},"line":66},"12":{"name":"(anonymous_12)","decl":{"start":{"line":70,"column":17},"end":{"line":70,"column":18}},"loc":{"start":{"line":70,"column":23},"end":{"line":71,"column":9}},"line":70},"13":{"name":"(anonymous_13)","decl":{"start":{"line":75,"column":17},"end":{"line":75,"column":18}},"loc":{"start":{"line":75,"column":23},"end":{"line":76,"column":9}},"line":75},"14":{"name":"(anonymous_14)","decl":{"start":{"line":80,"column":17},"end":{"line":80,"column":18}},"loc":{"start":{"line":80,"column":23},"end":{"line":81,"column":9}},"line":80},"15":{"name":"(anonymous_15)","decl":{"start":{"line":84,"column":21},"end":{"line":84,"column":22}},"loc":{"start":{"line":84,"column":33},"end":{"line":103,"column":5}},"line":84},"16":{"name":"(anonymous_16)","decl":{"start":{"line":86,"column":46},"end":{"line":86,"column":47}},"loc":{"start":{"line":86,"column":58},"end":{"line":86,"column":79}},"line":86},"17":{"name":"(anonymous_17)","decl":{"start":{"line":87,"column":46},"end":{"line":87,"column":47}},"loc":{"start":{"line":87,"column":58},"end":{"line":91,"column":13}},"line":87},"18":{"name":"(anonymous_18)","decl":{"start":{"line":92,"column":53},"end":{"line":92,"column":54}},"loc":{"start":{"line":92,"column":72},"end":{"line":94,"column":13}},"line":92},"19":{"name":"(anonymous_19)","decl":{"start":{"line":95,"column":55},"end":{"line":95,"column":56}},"loc":{"start":{"line":95,"column":75},"end":{"line":97,"column":13}},"line":95},"20":{"name":"(anonymous_20)","decl":{"start":{"line":113,"column":27},"end":{"line":113,"column":28}},"loc":{"start":{"line":113,"column":44},"end":{"line":125,"column":17}},"line":113},"21":{"name":"(anonymous_21)","decl":{"start":{"line":120,"column":37},"end":{"line":120,"column":38}},"loc":{"start":{"line":120,"column":43},"end":{"line":120,"column":63}},"line":120},"22":{"name":"shuffle","decl":{"start":{"line":153,"column":9},"end":{"line":153,"column":16}},"loc":{"start":{"line":153,"column":24},"end":{"line":160,"column":1}},"line":153}},"branchMap":{"0":{"loc":{"start":{"line":27,"column":8},"end":{"line":27,"column":45}},"type":"if","locations":[{"start":{"line":27,"column":8},"end":{"line":27,"column":45}},{"start":{},"end":{}}],"line":27},"1":{"loc":{"start":{"line":29,"column":8},"end":{"line":35,"column":9}},"type":"if","locations":[{"start":{"line":29,"column":8},"end":{"line":35,"column":9}},{"start":{"line":32,"column":15},"end":{"line":35,"column":9}}],"line":29},"2":{"loc":{"start":{"line":45,"column":8},"end":{"line":48,"column":9}},"type":"if","locations":[{"start":{"line":45,"column":8},"end":{"line":48,"column":9}},{"start":{},"end":{}}],"line":45},"3":{"loc":{"start":{"line":52,"column":8},"end":{"line":52,"column":79}},"type":"if","locations":[{"start":{"line":52,"column":8},"end":{"line":52,"column":79}},{"start":{},"end":{}}],"line":52},"4":{"loc":{"start":{"line":52,"column":12},"end":{"line":52,"column":70}},"type":"binary-expr","locations":[{"start":{"line":52,"column":12},"end":{"line":52,"column":37}},{"start":{"line":52,"column":41},"end":{"line":52,"column":70}}],"line":52},"5":{"loc":{"start":{"line":86,"column":67},"end":{"line":86,"column":78}},"type":"binary-expr","locations":[{"start":{"line":86,"column":67},"end":{"line":86,"column":73}},{"start":{"line":86,"column":77},"end":{"line":86,"column":78}}],"line":86},"6":{"loc":{"start":{"line":88,"column":16},"end":{"line":90,"column":37}},"type":"if","locations":[{"start":{"line":88,"column":16},"end":{"line":90,"column":37}},{"start":{"line":90,"column":21},"end":{"line":90,"column":37}}],"line":88},"7":{"loc":{"start":{"line":88,"column":20},"end":{"line":88,"column":50}},"type":"binary-expr","locations":[{"start":{"line":88,"column":20},"end":{"line":88,"column":27}},{"start":{"line":88,"column":31},"end":{"line":88,"column":50}}],"line":88},"8":{"loc":{"start":{"line":93,"column":32},"end":{"line":93,"column":51}},"type":"binary-expr","locations":[{"start":{"line":93,"column":32},"end":{"line":93,"column":45}},{"start":{"line":93,"column":49},"end":{"line":93,"column":51}}],"line":93},"9":{"loc":{"start":{"line":109,"column":17},"end":{"line":109,"column":65}},"type":"cond-expr","locations":[{"start":{"line":109,"column":34},"end":{"line":109,"column":54}},{"start":{"line":109,"column":57},"end":{"line":109,"column":65}}],"line":109},"10":{"loc":{"start":{"line":115,"column":24},"end":{"line":115,"column":85}},"type":"binary-expr","locations":[{"start":{"line":115,"column":24},"end":{"line":115,"column":53}},{"start":{"line":115,"column":57},"end":{"line":115,"column":85}}],"line":115}},"s":{"0":1,"1":0,"2":0,"3":0,"4":0,"5":0,"6":0,"7":0,"8":0,"9":0,"10":0,"11":0,"12":0,"13":0,"14":0,"15":0,"16":0,"17":0,"18":0,"19":0,"20":0,"21":0,"22":0,"23":0,"24":0,"25":0,"26":0,"27":0,"28":0,"29":0,"30":0,"31":0,"32":0,"33":0,"34":0,"35":0,"36":0,"37":0,"38":0,"39":0,"40":0,"41":0,"42":0,"43":0,"44":0,"45":0,"46":0,"47":0,"48":0,"49":0,"50":0,"51":0,"52":0,"53":0,"54":0,"55":1,"56":0,"57":0,"58":0,"59":0,"60":0},"f":{"0":0,"1":0,"2":0,"3":0,"4":0,"5":0,"6":0,"7":0,"8":0,"9":0,"10":0,"11":0,"12":0,"13":0,"14":0,"15":0,"16":0,"17":0,"18":0,"19":0,"20":0,"21":0,"22":0},"b":{"0":[0,0],"1":[0,0],"2":[0,0],"3":[0,0],"4":[0,0],"5":[0,0],"6":[0,0],"7":[0,0],"8":[0,0],"9":[0,0],"10":[0,0]},"_coverageSchema":"1a1c01bbd47fc00a2c39e90264f33305004495a9","hash":"2f1c4865b267c4676463620845bfb41c8713c6c7"}
}
