TN:
SF:components\Storage.js
FN:12,(anonymous_0)
FN:18,(anonymous_1)
FN:28,(anonymous_2)
FN:52,(anonymous_3)
FNF:4
FNH:0
FNDA:0,(anonymous_0)
FNDA:0,(anonymous_1)
FNDA:0,(anonymous_2)
FNDA:0,(anonymous_3)
DA:4,1
DA:12,1
DA:14,0
DA:16,0
DA:17,0
DA:18,0
DA:19,0
DA:23,0
DA:24,0
DA:28,1
DA:30,0
DA:32,0
DA:33,0
DA:34,0
DA:35,0
DA:37,0
DA:38,0
DA:39,0
DA:40,0
DA:41,0
DA:42,0
DA:46,0
DA:47,0
DA:48,0
DA:52,1
DA:54,0
DA:56,0
DA:57,0
DA:58,0
DA:60,0
DA:61,0
DA:62,0
DA:67,0
DA:68,0
LF:34
LH:4
BRDA:34,0,0,0
BRDA:34,0,1,0
BRDA:34,1,0,0
BRDA:34,1,1,0
BRDA:39,2,0,0
BRDA:39,2,1,0
BRDA:58,3,0,0
BRDA:58,3,1,0
BRDA:58,4,0,0
BRDA:58,4,1,0
BRF:10
BRH:0
end_of_record
TN:
SF:components\Game2\Game2.js
FN:6,Game2
FN:17,(anonymous_1)
FN:19,(anonymous_2)
FN:22,(anonymous_3)
FN:27,(anonymous_4)
FN:58,(anonymous_5)
FN:69,(anonymous_6)
FN:79,(anonymous_7)
FN:86,(anonymous_8)
FN:91,(anonymous_9)
FN:98,(anonymous_10)
FN:100,(anonymous_11)
FN:101,(anonymous_12)
FN:103,(anonymous_13)
FN:107,(anonymous_14)
FN:111,(anonymous_15)
FN:115,(anonymous_16)
FN:117,(anonymous_17)
FN:121,(anonymous_18)
FN:123,(anonymous_19)
FN:129,(anonymous_20)
FNF:21
FNH:13
FNDA:69,Game2
FNDA:3,(anonymous_1)
FNDA:0,(anonymous_2)
FNDA:3,(anonymous_3)
FNDA:65,(anonymous_4)
FNDA:0,(anonymous_5)
FNDA:3,(anonymous_6)
FNDA:3,(anonymous_7)
FNDA:0,(anonymous_8)
FNDA:3,(anonymous_9)
FNDA:7,(anonymous_10)
FNDA:61,(anonymous_11)
FNDA:61,(anonymous_12)
FNDA:3,(anonymous_13)
FNDA:3,(anonymous_14)
FNDA:3,(anonymous_15)
FNDA:0,(anonymous_16)
FNDA:0,(anonymous_17)
FNDA:0,(anonymous_18)
FNDA:0,(anonymous_19)
FNDA:0,(anonymous_20)
DA:7,69
DA:8,68
DA:9,68
DA:10,68
DA:11,68
DA:12,68
DA:13,68
DA:14,68
DA:15,68
DA:17,68
DA:18,3
DA:19,3
DA:20,0
DA:22,3
DA:23,3
DA:27,68
DA:28,65
DA:29,61
DA:30,61
DA:31,61
DA:32,61
DA:33,61
DA:34,61
DA:35,61
DA:36,61
DA:37,61
DA:38,61
DA:39,61
DA:40,61
DA:42,61
DA:43,0
DA:44,61
DA:45,0
DA:48,61
DA:50,61
DA:58,0
DA:59,0
DA:60,0
DA:63,61
DA:64,1
DA:69,68
DA:70,3
DA:71,3
DA:72,3
DA:73,3
DA:74,3
DA:75,3
DA:76,3
DA:79,68
DA:80,3
DA:81,3
DA:82,3
DA:83,3
DA:86,68
DA:87,0
DA:91,68
DA:92,3
DA:93,0
DA:94,0
DA:98,68
DA:99,7
DA:100,3
DA:101,61
DA:103,3
DA:107,68
DA:108,3
DA:111,68
DA:112,3
DA:113,3
DA:116,0
DA:119,0
DA:122,0
DA:129,68
DA:130,0
DA:131,0
DA:137,68
DA:165,1
LF:77
LH:63
BRDA:28,0,0,61
BRDA:28,0,1,4
BRDA:28,1,0,65
BRDA:28,1,1,62
BRDA:42,2,0,0
BRDA:42,2,1,61
BRDA:42,3,0,61
BRDA:42,3,1,61
BRDA:44,4,0,0
BRDA:44,4,1,61
BRDA:44,5,0,61
BRDA:44,5,1,61
BRDA:50,6,0,0
BRDA:50,6,1,61
BRDA:51,7,0,61
BRDA:51,7,1,0
BRDA:51,7,2,0
BRDA:51,7,3,0
BRDA:51,7,4,0
BRDA:51,7,5,0
BRDA:63,8,0,1
BRDA:63,8,1,60
BRDA:92,9,0,0
BRDA:92,9,1,3
BRDA:99,10,0,3
BRDA:99,10,1,4
BRDA:99,11,0,7
BRDA:99,11,1,4
BRDA:141,12,0,68
BRDA:141,12,1,3
BRDA:141,12,2,3
BRDA:146,13,0,68
BRDA:146,13,1,1
BRDA:155,14,0,68
BRDA:155,14,1,65
BRF:35
BRH:26
end_of_record
